2025-01-15 20:55:18,175 INFO o.a.j.u.JMeterUtils: Setting Locale to en_EN
2025-01-15 20:55:18,480 INFO o.a.j.JMeter: Loading user properties from: C:\Java\apache-jmeter-5.6.3\bin\user.properties
2025-01-15 20:55:18,480 INFO o.a.j.JMeter: Loading system properties from: C:\Java\apache-jmeter-5.6.3\bin\system.properties
2025-01-15 20:55:18,488 INFO o.a.j.JMeter: Copyright (c) 1998-2024 The Apache Software Foundation
2025-01-15 20:55:18,488 INFO o.a.j.JMeter: Version 5.6.3
2025-01-15 20:55:18,488 INFO o.a.j.JMeter: java.version=17.0.8
2025-01-15 20:55:18,488 INFO o.a.j.JMeter: java.vm.name=Java HotSpot(TM) 64-Bit Server VM
2025-01-15 20:55:18,488 INFO o.a.j.JMeter: os.name=Windows 11
2025-01-15 20:55:18,488 INFO o.a.j.JMeter: os.arch=amd64
2025-01-15 20:55:18,488 INFO o.a.j.JMeter: os.version=10.0
2025-01-15 20:55:18,489 INFO o.a.j.JMeter: file.encoding=Cp1252
2025-01-15 20:55:18,489 INFO o.a.j.JMeter: java.awt.headless=null
2025-01-15 20:55:18,489 INFO o.a.j.JMeter: Max memory     =1073741824
2025-01-15 20:55:18,489 INFO o.a.j.JMeter: Available Processors =20
2025-01-15 20:55:18,496 INFO o.a.j.JMeter: Default Locale=English (EN)
2025-01-15 20:55:18,496 INFO o.a.j.JMeter: JMeter  Locale=English (EN)
2025-01-15 20:55:18,496 INFO o.a.j.JMeter: JMeterHome=C:\Java\apache-jmeter-5.6.3
2025-01-15 20:55:18,496 INFO o.a.j.JMeter: user.dir  =C:\Users\Luan Santos\Documents\Projects\Meli-Order-Book\order-book
2025-01-15 20:55:18,497 INFO o.a.j.JMeter: PWD       =C:\Users\Luan Santos\Documents\Projects\Meli-Order-Book\order-book
2025-01-15 20:55:18,497 INFO o.a.j.JMeter: IP: 192.168.0.103 Name: DESKTOP-609FBL9 FullName: DESKTOP-609FBL9
2025-01-15 20:55:18,503 INFO o.a.j.JMeter: Loaded icon properties from org/apache/jmeter/images/icon.properties
2025-01-15 20:55:18,722 INFO o.a.j.JMeterGuiLauncher: Setting LAF to: com.github.weisj.darklaf.DarkLaf:com.github.weisj.darklaf.theme.DarculaTheme
